<?xml version="1.0" encoding="UTF-8"?>
<!-- Generated by org.testng.reporters.JUnitReportReporter -->
<testsuite hostname="DESKTOP-CRVGFV3" failures="0" tests="1" name="sample.Demo" time="0.014" errors="0" timestamp="2025-03-28T09:29:57 IST" skipped="0">
  <testcase classname="sample.Demo" name="display" time="0.014"/>
</testsuite> <!-- sample.Demo -->
